{
  "stats": {
    "suites": 1,
    "tests": 1,
    "passes": 0,
    "pending": 1,
    "failures": 0,
    "start": "2025-03-12T05:23:16.869Z",
    "end": "2025-03-12T05:23:18.989Z",
    "duration": 2120,
    "testsRegistered": 1,
    "passPercent": null,
    "pendingPercent": 100,
    "other": 0,
    "hasOther": false,
    "skipped": 0,
    "hasSkipped": false
  },
  "results": [
    {
      "uuid": "33ef6747-356a-4673-91da-c64640a137be",
      "title": "",
      "fullFile": "cypress\\integration\\Features\\LoginTest.feature",
      "file": "cypress\\integration\\Features\\LoginTest.feature",
      "beforeHooks": [],
      "afterHooks": [],
      "tests": [],
      "suites": [
        {
          "uuid": "2dde54a3-64f1-42b5-aecb-76e9ccb1f326",
          "title": "Verify search functionality",
          "fullFile": "",
          "file": "",
          "beforeHooks": [],
          "afterHooks": [],
          "tests": [
            {
              "title": "Verify Search functionality in Bright Horizons page",
              "fullTitle": "Verify search functionality Verify Search functionality in Bright Horizons page",
              "timedOut": null,
              "duration": 0,
              "state": "pending",
              "speed": null,
              "pass": false,
              "fail": false,
              "pending": true,
              "context": "{\n  \"title\": \"cypress-mochawesome-reporter-videos-pending\",\n  \"value\": \"cypress\\\\integration\\\\Features\\\\LoginTest.feature\"\n}",
              "code": "",
              "err": {},
              "uuid": "2e2b4a36-3961-4bc3-afe9-2c49eaa3056a",
              "parentUUID": "2dde54a3-64f1-42b5-aecb-76e9ccb1f326",
              "isHook": false,
              "skipped": false
            }
          ],
          "suites": [],
          "passes": [],
          "failures": [],
          "pending": [
            "2e2b4a36-3961-4bc3-afe9-2c49eaa3056a"
          ],
          "skipped": [],
          "duration": 0,
          "root": false,
          "rootEmpty": false,
          "_timeout": 2000
        }
      ],
      "passes": [],
      "failures": [],
      "pending": [],
      "skipped": [],
      "duration": 0,
      "root": true,
      "rootEmpty": true,
      "_timeout": 2000
    }
  ],
  "meta": {
    "mocha": {
      "version": "7.0.1"
    },
    "mochawesome": {
      "options": {
        "quiet": false,
        "reportFilename": "mochawesome",
        "saveHtml": false,
        "saveJson": true,
        "consoleReporter": "spec",
        "useInlineDiffs": false,
        "code": true
      },
      "version": "7.1.3"
    },
    "marge": {
      "options": {
        "overwrite": false,
        "html": false,
        "json": true,
        "reportDir": "cypress\\reports\\html\\.jsons"
      },
      "version": "6.2.0"
    }
  }
}