{
  "stats": {
    "suites": 1,
    "tests": 1,
    "passes": 0,
    "pending": 1,
    "failures": 0,
    "start": "2025-03-12T05:19:42.809Z",
    "end": "2025-03-12T05:19:43.669Z",
    "duration": 860,
    "testsRegistered": 1,
    "passPercent": null,
    "pendingPercent": 100,
    "other": 0,
    "hasOther": false,
    "skipped": 0,
    "hasSkipped": false
  },
  "results": [
    {
      "uuid": "63076ce8-f019-43ed-bb4d-02ef0a1ea131",
      "title": "",
      "fullFile": "cypress\\integration\\Features\\CenterNameTest.feature",
      "file": "cypress\\integration\\Features\\CenterNameTest.feature",
      "beforeHooks": [],
      "afterHooks": [],
      "tests": [],
      "suites": [
        {
          "uuid": "b179db57-a1ea-4639-b991-4b068e4bb7d7",
          "title": "Verify Center name and address",
          "fullFile": "",
          "file": "",
          "beforeHooks": [],
          "afterHooks": [],
          "tests": [
            {
              "title": "Verify Search functionality in Bright Horizons page",
              "fullTitle": "Verify Center name and address Verify Search functionality in Bright Horizons page",
              "timedOut": null,
              "duration": 0,
              "state": "pending",
              "speed": null,
              "pass": false,
              "fail": false,
              "pending": true,
              "context": "{\n  \"title\": \"cypress-mochawesome-reporter-videos-pending\",\n  \"value\": \"cypress\\\\integration\\\\Features\\\\CenterNameTest.feature\"\n}",
              "code": "",
              "err": {},
              "uuid": "f3dcf37c-2740-42fd-bc75-cf15f9318234",
              "parentUUID": "b179db57-a1ea-4639-b991-4b068e4bb7d7",
              "isHook": false,
              "skipped": false
            }
          ],
          "suites": [],
          "passes": [],
          "failures": [],
          "pending": [
            "f3dcf37c-2740-42fd-bc75-cf15f9318234"
          ],
          "skipped": [],
          "duration": 0,
          "root": false,
          "rootEmpty": false,
          "_timeout": 2000
        }
      ],
      "passes": [],
      "failures": [],
      "pending": [],
      "skipped": [],
      "duration": 0,
      "root": true,
      "rootEmpty": true,
      "_timeout": 2000
    }
  ],
  "meta": {
    "mocha": {
      "version": "7.0.1"
    },
    "mochawesome": {
      "options": {
        "quiet": false,
        "reportFilename": "mochawesome",
        "saveHtml": false,
        "saveJson": true,
        "consoleReporter": "spec",
        "useInlineDiffs": false,
        "code": true
      },
      "version": "7.1.3"
    },
    "marge": {
      "options": {
        "overwrite": false,
        "html": false,
        "json": true,
        "reportDir": "cypress\\reports\\html\\.jsons"
      },
      "version": "6.2.0"
    }
  }
}